<?xml version="1.0" encoding="UTF-8"?>
<!-- Generated by org.testng.reporters.JUnitReportReporter -->
<testsuite hostname="LAPTOP-65" failures="0" tests="2" name="testCases.TC001_AccountRegistrationTest" time="3.719" errors="0" timestamp="2024-11-22T16:35:56 IST" skipped="0">
  <testcase classname="testCases.TC001_AccountRegistrationTest" name="verify_Account_Registration" time="1.902"/>
  <testcase classname="testCases.TC001_AccountRegistrationTest" name="verify_Account_Registration" time="1.817"/>
</testsuite> <!-- testCases.TC001_AccountRegistrationTest -->
