<?xml version="1.0" encoding="UTF-8"?>
<!-- Generated by org.testng.reporters.JUnitReportReporter -->
<testsuite hostname="LAPTOP-65" failures="0" tests="4" name="testCases.TC003_LoginTestDDT" time="25.760" errors="0" timestamp="2024-11-22T12:50:25 IST" skipped="0">
  <testcase classname="testCases.TC003_LoginTestDDT" name="verify_loginDDT" time="4.797"/>
  <testcase classname="testCases.TC003_LoginTestDDT" name="verify_loginDDT" time="8.627"/>
  <testcase classname="testCases.TC003_LoginTestDDT" name="verify_loginDDT" time="7.350"/>
  <testcase classname="testCases.TC003_LoginTestDDT" name="verify_loginDDT" time="4.986"/>
</testsuite> <!-- testCases.TC003_LoginTestDDT -->
