<?xml version="1.0" encoding="UTF-8"?>
<!-- Generated by org.testng.reporters.JUnitReportReporter -->
<<<<<<< HEAD
<testsuite hostname="LAPTOP-65" failures="0" tests="1" name="testCases.TC002_LoginTest" time="1.238" errors="0" timestamp="2024-11-27T09:53:52 IST" skipped="0">
  <testcase classname="testCases.TC002_LoginTest" name="verify_login" time="1.238"/>
=======
<testsuite hostname="LAPTOP-65" failures="0" tests="1" name="testCases.TC002_LoginTest" time="1.409" errors="0" timestamp="2024-11-22T12:50:25 IST" skipped="0">
  <testcase classname="testCases.TC002_LoginTest" name="verify_login" time="1.409"/>
>>>>>>> master2
</testsuite> <!-- testCases.TC002_LoginTest -->
