<?xml version="1.0" encoding="UTF-8"?>
<!-- Generated by org.testng.reporters.JUnitReportReporter -->
<testsuite hostname="LAPTOP-65" failures="0" tests="1" name="testCases.TC002_LoginTest" time="1.238" errors="0" timestamp="2024-11-27T09:53:52 IST" skipped="0">
  <testcase classname="testCases.TC002_LoginTest" name="verify_login" time="1.238"/>
</testsuite> <!-- testCases.TC002_LoginTest -->
