<?xml version="1.0" encoding="UTF-8"?>
<!-- Generated by org.testng.reporters.JUnitReportReporter -->
<testsuite hostname="LAPTOP-65" failures="0" tests="1" name="testCases.TC001_AccountRegistrationTest" time="1.852" errors="0" timestamp="2024-11-27T09:53:52 IST" skipped="0">
  <testcase classname="testCases.TC001_AccountRegistrationTest" name="verify_Account_Registration" time="1.852"/>
</testsuite> <!-- testCases.TC001_AccountRegistrationTest -->
